<?xml version="1.0" encoding="utf-8"?><testsuites><testsuite name="pytest" errors="0" failures="0" skipped="0" tests="29" time="1.130" timestamp="2026-09-14T10:57:14.219607-04:00" hostname="Zin"><testcase classname="tests.test_answer_contract" name="test_answer_preserves_legacy_fields_and_adds_explicit_status" time="0.015" /><testcase classname="tests.test_answer_contract" name="test_unrelated_request_returns_explicit_abstention" time="0.005" /><testcase classname="tests.test_answer_contract" name="test_search_does_not_pad_with_zero_score_results" time="0.005" /><testcase classname="tests.test_answer_contract" name="test_invalid_api_top_k_keeps_validation" time="0.008" /><testcase classname="tests.test_answer_contract" name="test_metrics_route_exposes_denominators_and_provenance" time="0.031" /><testcase classname="tests.test_evaluation" name="test_zero_overlap_does_not_return_unrelated_sources_or_fallback" time="0.008" /><testcase classname="tests.test_evaluation" name="test_weak_evidence_is_distinct_from_no_retrieval" time="0.008" /><testcase classname="tests.test_evaluation" name="test_cited_sources_are_exactly_the_snippets_used_in_answer" time="0.008" /><testcase classname="tests.test_evaluation" name="test_expanded_cases_have_explicit_provenance_and_negative_labels" time="0.001" /><testcase classname="tests.test_evaluation" name="test_irrelevant_source_presence_cannot_count_as_answer_quality" time="0.002" /><testcase classname="tests.test_evaluation" name="test_retrieval_quality_uses_candidates_instead_of_only_citations" time="0.011" /><testcase classname="tests.test_evaluation" name="test_all_negative_and_empty_sets_have_explicit_zero_denominators" time="0.013" /><testcase classname="tests.test_evaluation" name="test_case_hash_excludes_timing_and_is_reproducible" time="0.035" /><testcase classname="tests.test_evaluation" name="test_overlapping_vocabulary_failures_are_retained" time="0.021" /><testcase classname="tests.test_evaluation" name="test_invalid_reference_labels_raise[case0]" time="0.007" /><testcase classname="tests.test_evaluation" name="test_invalid_reference_labels_raise[case1]" time="0.007" /><testcase classname="tests.test_evaluation" name="test_duplicate_case_ids_raise" time="0.001" /><testcase classname="tests.test_evaluation" name="test_invalid_top_k_raises[0]" time="0.001" /><testcase classname="tests.test_evaluation" name="test_invalid_top_k_raises[-1]" time="0.001" /><testcase classname="tests.test_evaluation" name="test_invalid_top_k_raises[True]" time="0.001" /><testcase classname="tests.test_evaluation" name="test_invalid_top_k_raises[1.5]" time="0.001" /><testcase classname="tests.test_evaluation" name="test_empty_index_abstains" time="0.001" /><testcase classname="tests.test_evaluation" name="test_duplicate_document_ids_raise" time="0.000" /><testcase classname="tests.test_evaluation" name="test_invalid_policy_raises[policy0]" time="0.001" /><testcase classname="tests.test_evaluation" name="test_invalid_policy_raises[policy1]" time="0.001" /><testcase classname="tests.test_evaluation" name="test_invalid_policy_raises[policy2]" time="0.000" /><testcase classname="tests.test_rag_api" name="test_health" time="0.005" /><testcase classname="tests.test_rag_api" name="test_search_finds_expected_doc" time="0.001" /><testcase classname="tests.test_rag_api" name="test_answer_returns_citations" time="0.005" /></testsuite></testsuites>